<?xml version="1.0" encoding="UTF-8" ?>
<testsuite tests="19" failures="0" name="ua.edu.ucu.tempseries.TemperatureSeriesAnalysisTest" time="0.028" errors="0" skipped="0">
  <properties>
    <property name="java.runtime.name" value="Java(TM) SE Runtime Environment"/>
    <property name="java.vm.version" value="11.0.4+10-LTS"/>
    <property name="sun.boot.library.path" value="C:\Program Files\Java\jdk-11.0.4\bin"/>
    <property name="maven.multiModuleProjectDirectory" value="C:\Users\User\Desktop\apps19Sorokotyaha-hw1\apps19Sorokotyaha-hw1"/>
    <property name="java.vm.vendor" value="Oracle Corporation"/>
    <property name="java.vendor.url" value="http://java.oracle.com/"/>
    <property name="guice.disable.misplaced.annotation.check" value="true"/>
    <property name="path.separator" value=";"/>
    <property name="java.vm.name" value="Java HotSpot(TM) 64-Bit Server VM"/>
    <property name="sun.os.patch.level" value=""/>
    <property name="user.script" value=""/>
    <property name="user.country" value="US"/>
    <property name="sun.java.launcher" value="SUN_STANDARD"/>
    <property name="java.vm.specification.name" value="Java Virtual Machine Specification"/>
    <property name="user.dir" value="C:\Users\User\Desktop\apps19Sorokotyaha-hw1\apps19Sorokotyaha-hw1"/>
    <property name="java.vm.compressedOopsMode" value="32-bit"/>
    <property name="java.runtime.version" value="11.0.4+10-LTS"/>
    <property name="java.awt.graphicsenv" value="sun.awt.Win32GraphicsEnvironment"/>
    <property name="os.arch" value="amd64"/>
    <property name="java.io.tmpdir" value="C:\Users\User\AppData\Local\Temp\"/>
    <property name="line.separator" value="
"/>
    <property name="java.vm.specification.vendor" value="Oracle Corporation"/>
    <property name="user.variant" value=""/>
    <property name="os.name" value="Windows 10"/>
    <property name="maven.ext.class.path" value="C:\Program Files\JetBrains\IntelliJ IDEA Community Edition 2019.2.2\plugins\maven\lib\maven-event-listener.jar"/>
    <property name="classworlds.conf" value="C:\Program Files\JetBrains\IntelliJ IDEA Community Edition 2019.2.2\plugins\maven\lib\maven3\bin\m2.conf"/>
    <property name="sun.jnu.encoding" value="Cp1252"/>
    <property name="java.library.path" value="C:\Program Files\Java\jdk-11.0.4\bin;C:\WINDOWS\Sun\Java\bin;C:\WINDOWS\system32;C:\WINDOWS;C:\Program Files (x86)\Intel\Intel(R) Management Engine Components\iCLS\;C:\Program Files\Intel\Intel(R) Management Engine Components\iCLS\;C:\WINDOWS\system32;C:\WINDOWS;C:\WINDOWS\System32\Wbem;C:\WINDOWS\System32\WindowsPowerShell\v1.0\;C:\WINDOWS\System32\OpenSSH\;C:\Program Files (x86)\Intel\Intel(R) Management Engine Components\DAL;C:\Program Files\Intel\Intel(R) Management Engine Components\DAL;C:\Program Files (x86)\Intel\Intel(R) Management Engine Components\IPT;C:\Program Files\Intel\Intel(R) Management Engine Components\IPT;C:\Program Files\Git\cmd;C:\Program Files\dotnet\;C:\Program Files\Intel\WiFi\bin\;C:\Program Files\Common Files\Intel\WirelessCommon\;C:\Users\User\AppData\Local\Microsoft\WindowsApps;C:\Program Files (x86)\mingw-w64\i686-8.1.0-posix-dwarf-rt_v6-rev0\mingw32\bin;C:\Program Files\JetBrains\PyCharm Community Edition 2018.3.4\bin;C:\Users\User\AppData\Local\GitHubDesktop\bin;c:\Users\User\AppData\Local\Programs\Python\Python37-32\Lib\site-packages;C:\Users\User\AppData\Local\Microsoft\WindowsApps;C:\Program Files\Java\jdk-11.0.4\bin;;C:\Program Files\JetBrains\IntelliJ IDEA Community Edition 2019.2.2\bin;;."/>
    <property name="maven.conf" value="C:\Program Files\JetBrains\IntelliJ IDEA Community Edition 2019.2.2\plugins\maven\lib\maven3/conf"/>
    <property name="jdk.debug" value="release"/>
    <property name="java.class.version" value="55.0"/>
    <property name="java.specification.name" value="Java Platform API Specification"/>
    <property name="sun.management.compiler" value="HotSpot 64-Bit Tiered Compilers"/>
    <property name="os.version" value="10.0"/>
    <property name="user.home" value="C:\Users\User"/>
    <property name="user.timezone" value="Europe/Helsinki"/>
    <property name="java.awt.printerjob" value="sun.awt.windows.WPrinterJob"/>
    <property name="file.encoding" value="UTF-8"/>
    <property name="java.specification.version" value="11"/>
    <property name="user.name" value="User"/>
    <property name="java.class.path" value="C:\Program Files\JetBrains\IntelliJ IDEA Community Edition 2019.2.2\plugins\maven\lib\maven3\boot\plexus-classworlds-2.6.0.jar"/>
    <property name="idea.version2019.2.2" value="true"/>
    <property name="java.vm.specification.version" value="11"/>
    <property name="sun.arch.data.model" value="64"/>
    <property name="sun.java.command" value="org.codehaus.classworlds.Launcher -Didea.version2019.2.2 install"/>
    <property name="java.home" value="C:\Program Files\Java\jdk-11.0.4"/>
    <property name="user.language" value="en"/>
    <property name="java.specification.vendor" value="Oracle Corporation"/>
    <property name="awt.toolkit" value="sun.awt.windows.WToolkit"/>
    <property name="java.vm.info" value="mixed mode"/>
    <property name="java.version" value="11.0.4"/>
    <property name="java.vendor" value="Oracle Corporation"/>
    <property name="maven.home" value="C:\Program Files\JetBrains\IntelliJ IDEA Community Edition 2019.2.2\plugins\maven\lib\maven3"/>
    <property name="file.separator" value="\"/>
    <property name="java.version.date" value="2019-07-16"/>
    <property name="java.vendor.url.bug" value="http://bugreport.java.com/bugreport/"/>
    <property name="sun.io.unicode.encoding" value="UnicodeLittle"/>
    <property name="sun.cpu.endian" value="little"/>
    <property name="java.vendor.version" value="18.9"/>
    <property name="sun.desktop" value="windows"/>
    <property name="sun.cpu.isalist" value="amd64"/>
  </properties>
  <testcase classname="ua.edu.ucu.tempseries.TemperatureSeriesAnalysisTest" name="testFindTempClosestToZeroWithEmptyArray" time="0.012"/>
  <testcase classname="ua.edu.ucu.tempseries.TemperatureSeriesAnalysisTest" name="testAverageWithOneElementArray" time="0"/>
  <testcase classname="ua.edu.ucu.tempseries.TemperatureSeriesAnalysisTest" name="testMinWithOneElement" time="0"/>
  <testcase classname="ua.edu.ucu.tempseries.TemperatureSeriesAnalysisTest" name="testFindTempsLessThen" time="0.002"/>
  <testcase classname="ua.edu.ucu.tempseries.TemperatureSeriesAnalysisTest" name="findTempsGreaterThen" time="0.001"/>
  <testcase classname="ua.edu.ucu.tempseries.TemperatureSeriesAnalysisTest" name="testMax" time="0.001"/>
  <testcase classname="ua.edu.ucu.tempseries.TemperatureSeriesAnalysisTest" name="testMin" time="0"/>
  <testcase classname="ua.edu.ucu.tempseries.TemperatureSeriesAnalysisTest" name="testMinWithEmptyArray" time="0.001"/>
  <testcase classname="ua.edu.ucu.tempseries.TemperatureSeriesAnalysisTest" name="testAverage" time="0"/>
  <testcase classname="ua.edu.ucu.tempseries.TemperatureSeriesAnalysisTest" name="testAverageWithEmptyArray" time="0"/>
  <testcase classname="ua.edu.ucu.tempseries.TemperatureSeriesAnalysisTest" name="testaddTemps" time="0.004"/>
  <testcase classname="ua.edu.ucu.tempseries.TemperatureSeriesAnalysisTest" name="testsummaryStatistics" time="0.005"/>
  <testcase classname="ua.edu.ucu.tempseries.TemperatureSeriesAnalysisTest" name="testMaxWithOneElement" time="0"/>
  <testcase classname="ua.edu.ucu.tempseries.TemperatureSeriesAnalysisTest" name="testDeviationWithEmptyArray" time="0.001"/>
  <testcase classname="ua.edu.ucu.tempseries.TemperatureSeriesAnalysisTest" name="testDeviation" time="0"/>
  <testcase classname="ua.edu.ucu.tempseries.TemperatureSeriesAnalysisTest" name="testMaxWithEmptyArray" time="0.001"/>
  <testcase classname="ua.edu.ucu.tempseries.TemperatureSeriesAnalysisTest" name="testDeviationWithOneElementArray" time="0"/>
  <testcase classname="ua.edu.ucu.tempseries.TemperatureSeriesAnalysisTest" name="testFindTempClosestToZero" time="0"/>
  <testcase classname="ua.edu.ucu.tempseries.TemperatureSeriesAnalysisTest" name="testFindTempClosestToValue" time="0"/>
</testsuite>